STL translation to Solid Edge
Date: Tuesday,July 04,2023 08:27PM
Source File:C:\Users\light\Documents\3D_PRINTING\rudy_custom\Rudy\things_you_can_print_that_i_also_used_for_reference\2020extrusionz.stl
Author: Unknown
Organization: Unknown
Source System: DEX

Hardware:
Processor: AMD Ryzen 5 3600 6-Core Processor              
Operating System: Windows 10 Professional
Installed Memory: 15.9 GB

Software Information:
Parasolid Version: 34.0.153
PSBodyshop Version: 34.0.110
Solid Edge Version: 222.00.07.004 x64

STL Import Options
Heal Mesh Faults:Off
Make Base Feature:On
Enable Logging:On

Translation progress:
Translation process completed
Time required to translate:00 : 00 : 00
